<?xml version='1.0' encoding='UTF-8'?>
<testsuite hostname="avz" name="org.cs474.setdsl.SetDSLTestSuite" tests="12" errors="0" failures="0" skipped="0" time="0.066" timestamp="2022-02-10T17:47:54">
          <properties>
[...]
</properties>
          <testcase classname="org.cs474.setdsl.SetDSLTestSuite" name="should return an object of type Expression" time="0.01">
                      
                    </testcase><testcase classname="org.cs474.setdsl.SetDSLTestSuite" name="should create a variable in global scope and assign a value" time="0.004">
                      
                    </testcase><testcase classname="org.cs474.setdsl.SetDSLTestSuite" name="should return the set stored in the Variable set1 withing scope2 which is inside scope1" time="0.017">
                      
                    </testcase><testcase classname="org.cs474.setdsl.SetDSLTestSuite" name="should create in a scope and evaluate macros in another level of scope" time="0.013">
                      
                    </testcase><testcase classname="org.cs474.setdsl.SetDSLTestSuite" name="should return true as testValue2 exists in set testVar2" time="0.002">
                      
                    </testcase><testcase classname="org.cs474.setdsl.SetDSLTestSuite" name="should delete testValue2 from the set testVar2" time="0.003">
                      
                    </testcase><testcase classname="org.cs474.setdsl.SetDSLTestSuite" name="should update testVar1 with new value" time="0.003">
                      
                    </testcase><testcase classname="org.cs474.setdsl.SetDSLTestSuite" name="should verify Union operation of two sets" time="0.003">
                      
                    </testcase><testcase classname="org.cs474.setdsl.SetDSLTestSuite" name="should verify Intersection operation of two sets" time="0.002">
                      
                    </testcase><testcase classname="org.cs474.setdsl.SetDSLTestSuite" name="should verify Difference operation of two sets" time="0.002">
                      
                    </testcase><testcase classname="org.cs474.setdsl.SetDSLTestSuite" name="should verify SymmetricDifference operation of two sets" time="0.002">
                      
                    </testcase><testcase classname="org.cs474.setdsl.SetDSLTestSuite" name="should verify CartesianProduct operation of two sets" time="0.005">
                      
                    </testcase>
          <system-out><![CDATA[]]></system-out>
          <system-err><![CDATA[]]></system-err>
        </testsuite>